<?xml version="1.0" encoding="UTF-8"?>
<!-- Generated by org.testng.reporters.JUnitXMLReporter -->
<testsuite ignored="1" hostname="DESKTOP-LCGGHUG" failures="0" tests="1" name="Default test" time="8.003" errors="0" timestamp="17 апр. 2019 18:50:21 GMT">
  <testcase classname="com.qaprosoft.loginTest.APISampleTest" name="testReset" time="7.447"/>
  <testcase classname="com.qaprosoft.loginTest.APISampleTest" name="testLogin" time="0.0">
    <ignored/>
  </testcase> <!-- testLogin -->
</testsuite> <!-- Default test -->
