<?xml version="1.0" encoding="UTF-8"?>
<testng-results ignored="1" total="2" passed="1" failed="0" skipped="0">
  <reporter-output>
  </reporter-output>
  <suite started-at="2019-04-17T18:50:13Z" name="Default suite" finished-at="2019-04-17T18:50:21Z" duration-ms="8003">
    <groups>
    </groups>
    <test started-at="2019-04-17T18:50:13Z" name="Default test" finished-at="2019-04-17T18:50:21Z" duration-ms="8003">
      <class name="com.qaprosoft.loginTest.APISampleTest">
        <test-method signature="testReset()[pri:0, instance:com.qaprosoft.loginTest.APISampleTest@26425897]" started-at="2019-04-17T18:50:13Z" name="testReset" description="Zafira_Reset" finished-at="2019-04-17T18:50:20Z" duration-ms="7447" status="PASS">
          <reporter-output>
          </reporter-output>
        </test-method> <!-- testReset -->
      </class> <!-- com.qaprosoft.loginTest.APISampleTest -->
    </test> <!-- Default test -->
  </suite> <!-- Default suite -->
</testng-results>
